<?xml version="1.0" encoding="UTF-8" standalone="no"?>
<!DOCTYPE log SYSTEM "logger.dtd">
<log>
<record>
  <date>2019-02-27T19:16:03</date>
  <millis>1551266163936</millis>
  <sequence>0</sequence>
  <level>START</level>
  <class>com.kms.katalon.core.logging.XmlKeywordLogger</class>
  <method>startSuite</method>
  <thread>1</thread>
  <message>Start Test Suite : Test Suites/Check Bet Increment</message>
  <nestedLevel>0</nestedLevel>
  <property name="name">Check Bet Increment</property>
  <property name="description"></property>
  <property name="id">Test Suites/Check Bet Increment</property>
</record>
<record>
  <date>2019-02-27T19:16:03</date>
  <millis>1551266163949</millis>
  <sequence>1</sequence>
  <level>RUN_DATA</level>
  <class>com.kms.katalon.core.logging.XmlKeywordLogger</class>
  <method>logMessage</method>
  <thread>1</thread>
  <message>hostName = jack.c - 172.16.60.187</message>
  <nestedLevel>0</nestedLevel>
  <property name="hostName">jack.c - 172.16.60.187</property>
</record>
<record>
  <date>2019-02-27T19:16:03</date>
  <millis>1551266163950</millis>
  <sequence>2</sequence>
  <level>RUN_DATA</level>
  <class>com.kms.katalon.core.logging.XmlKeywordLogger</class>
  <method>logMessage</method>
  <thread>1</thread>
  <message>os = Mac OS X 64bit</message>
  <nestedLevel>0</nestedLevel>
  <property name="os">Mac OS X 64bit</property>
</record>
<record>
  <date>2019-02-27T19:16:03</date>
  <millis>1551266163950</millis>
  <sequence>3</sequence>
  <level>RUN_DATA</level>
  <class>com.kms.katalon.core.logging.XmlKeywordLogger</class>
  <method>logMessage</method>
  <thread>1</thread>
  <message>hostAddress = 172.16.60.187</message>
  <nestedLevel>0</nestedLevel>
  <property name="hostAddress">172.16.60.187</property>
</record>
<record>
  <date>2019-02-27T19:16:03</date>
  <millis>1551266163951</millis>
  <sequence>4</sequence>
  <level>RUN_DATA</level>
  <class>com.kms.katalon.core.logging.XmlKeywordLogger</class>
  <method>logMessage</method>
  <thread>1</thread>
  <message>katalonVersion = 6.0.4.1</message>
  <nestedLevel>0</nestedLevel>
  <property name="katalonVersion">6.0.4.1</property>
</record>
<record>
  <date>2019-02-27T19:16:04</date>
  <millis>1551266164101</millis>
  <sequence>5</sequence>
  <level>START</level>
  <class>com.kms.katalon.core.logging.XmlKeywordLogger</class>
  <method>startTest</method>
  <thread>1</thread>
  <message>Start Test Case : Test Cases/Check Bet Increment</message>
  <nestedLevel>1</nestedLevel>
  <property name="name">Test Cases/Check Bet Increment</property>
  <property name="description"></property>
  <property name="id">Test Cases/Check Bet Increment</property>
  <property name="source">\\Users\\jack.c\\Katalon Studio\\Kataon_API_Testing\\Test Cases\\Check Bet Increment.tc</property>
  <property name="isOptional">false</property>
</record>
<record>
  <date>2019-02-27T19:16:04</date>
  <millis>1551266164119</millis>
  <sequence>7</sequence>
  <level>INFO</level>
  <class>com.kms.katalon.core.logging.XmlKeywordLogger</class>
  <method>logMessage</method>
  <thread>1</thread>
  <message>bet_denomination = [500, 1000, 1500, 2000, 5000, 10000, 20000, 50000, 100000, 200000]</message>
  <nestedLevel>1</nestedLevel>
</record>
<record>
  <date>2019-02-27T19:16:04</date>
  <millis>1551266164343</millis>
  <sequence>8</sequence>
  <level>START</level>
  <class>com.kms.katalon.core.logging.XmlKeywordLogger</class>
  <method>startKeyword</method>
  <thread>1</thread>
  <message>Start action : response0 = sendRequestAndVerify(findTestObject(\&amp;quot;Get_Session_Token\&amp;quot;))</message>
  <nestedLevel>1</nestedLevel>
  <property name="startLine">16</property>
  <property name="stepIndex">1</property>
</record>
<record>
  <date>2019-02-27T19:16:06</date>
  <millis>1551266166191</millis>
  <sequence>13</sequence>
  <level>START</level>
  <class>com.kms.katalon.core.logging.XmlKeywordLogger</class>
  <method>startTest</method>
  <thread>1</thread>
  <message>Start Test Case : Verification</message>
  <nestedLevel>2</nestedLevel>
</record>
<record>
  <date>2019-02-27T19:16:06</date>
  <millis>1551266166362</millis>
  <sequence>14</sequence>
  <level>START</level>
  <class>com.kms.katalon.core.logging.XmlKeywordLogger</class>
  <method>startKeyword</method>
  <thread>1</thread>
  <message>Start action : request = getInstance().getCurrentRequest()</message>
  <nestedLevel>1</nestedLevel>
  <property name="startLine">9</property>
  <property name="stepIndex">1</property>
</record>
<record>
  <date>2019-02-27T19:16:06</date>
  <millis>1551266166413</millis>
  <sequence>15</sequence>
  <level>END</level>
  <class>com.kms.katalon.core.logging.XmlKeywordLogger</class>
  <method>endKeyword</method>
  <thread>1</thread>
  <message>End action : request = getInstance().getCurrentRequest()</message>
  <nestedLevel>1</nestedLevel>
</record>
<record>
  <date>2019-02-27T19:16:06</date>
  <millis>1551266166414</millis>
  <sequence>16</sequence>
  <level>START</level>
  <class>com.kms.katalon.core.logging.XmlKeywordLogger</class>
  <method>startKeyword</method>
  <thread>1</thread>
  <message>Start action : response = getInstance().getCurrentResponse()</message>
  <nestedLevel>1</nestedLevel>
  <property name="startLine">11</property>
  <property name="stepIndex">2</property>
</record>
<record>
  <date>2019-02-27T19:16:06</date>
  <millis>1551266166415</millis>
  <sequence>17</sequence>
  <level>END</level>
  <class>com.kms.katalon.core.logging.XmlKeywordLogger</class>
  <method>endKeyword</method>
  <thread>1</thread>
  <message>End action : response = getInstance().getCurrentResponse()</message>
  <nestedLevel>1</nestedLevel>
</record>
<record>
  <date>2019-02-27T19:16:06</date>
  <millis>1551266166415</millis>
  <sequence>18</sequence>
  <level>START</level>
  <class>com.kms.katalon.core.logging.XmlKeywordLogger</class>
  <method>startKeyword</method>
  <thread>1</thread>
  <message>Start action : verifyResponseStatusCode(response, 200)</message>
  <nestedLevel>1</nestedLevel>
  <property name="startLine">17</property>
  <property name="stepIndex">3</property>
</record>
<record>
  <date>2019-02-27T19:16:06</date>
  <millis>1551266166422</millis>
  <sequence>20</sequence>
  <level>PASSED</level>
  <class>com.kms.katalon.core.logging.XmlKeywordLogger</class>
  <method>logMessage</method>
  <thread>1</thread>
  <message>Verify response status code successfully</message>
  <nestedLevel>2</nestedLevel>
</record>
<record>
  <date>2019-02-27T19:16:06</date>
  <millis>1551266166422</millis>
  <sequence>21</sequence>
  <level>END</level>
  <class>com.kms.katalon.core.logging.XmlKeywordLogger</class>
  <method>endKeyword</method>
  <thread>1</thread>
  <message>End action : verifyResponseStatusCode(response, 200)</message>
  <nestedLevel>1</nestedLevel>
</record>
<record>
  <date>2019-02-27T19:16:06</date>
  <millis>1551266166423</millis>
  <sequence>22</sequence>
  <level>START</level>
  <class>com.kms.katalon.core.logging.XmlKeywordLogger</class>
  <method>startKeyword</method>
  <thread>1</thread>
  <message>Start action : getStatusCode()).isEqualTo(200)</message>
  <nestedLevel>1</nestedLevel>
  <property name="startLine">19</property>
  <property name="stepIndex">4</property>
</record>
<record>
  <date>2019-02-27T19:16:06</date>
  <millis>1551266166476</millis>
  <sequence>23</sequence>
  <level>END</level>
  <class>com.kms.katalon.core.logging.XmlKeywordLogger</class>
  <method>endKeyword</method>
  <thread>1</thread>
  <message>End action : getStatusCode()).isEqualTo(200)</message>
  <nestedLevel>1</nestedLevel>
</record>
<record>
  <date>2019-02-27T19:16:06</date>
  <millis>1551266166477</millis>
  <sequence>24</sequence>
  <level>START</level>
  <class>com.kms.katalon.core.logging.XmlKeywordLogger</class>
  <method>startKeyword</method>
  <thread>1</thread>
  <message>Start action : getResponseText()).contains(\&amp;quot;session_token\&amp;quot;)</message>
  <nestedLevel>1</nestedLevel>
  <property name="startLine">20</property>
  <property name="stepIndex">5</property>
</record>
<record>
  <date>2019-02-27T19:16:06</date>
  <millis>1551266166489</millis>
  <sequence>25</sequence>
  <level>END</level>
  <class>com.kms.katalon.core.logging.XmlKeywordLogger</class>
  <method>endKeyword</method>
  <thread>1</thread>
  <message>End action : getResponseText()).contains(\&amp;quot;session_token\&amp;quot;)</message>
  <nestedLevel>1</nestedLevel>
</record>
<record>
  <date>2019-02-27T19:16:06</date>
  <millis>1551266166489</millis>
  <sequence>26</sequence>
  <level>START</level>
  <class>com.kms.katalon.core.logging.XmlKeywordLogger</class>
  <method>startKeyword</method>
  <thread>1</thread>
  <message>Start action : getsession = new groovy.json.JsonSlurper()</message>
  <nestedLevel>1</nestedLevel>
  <property name="startLine">22</property>
  <property name="stepIndex">6</property>
</record>
<record>
  <date>2019-02-27T19:16:06</date>
  <millis>1551266166494</millis>
  <sequence>27</sequence>
  <level>END</level>
  <class>com.kms.katalon.core.logging.XmlKeywordLogger</class>
  <method>endKeyword</method>
  <thread>1</thread>
  <message>End action : getsession = new groovy.json.JsonSlurper()</message>
  <nestedLevel>1</nestedLevel>
</record>
<record>
  <date>2019-02-27T19:16:06</date>
  <millis>1551266166494</millis>
  <sequence>28</sequence>
  <level>START</level>
  <class>com.kms.katalon.core.logging.XmlKeywordLogger</class>
  <method>startKeyword</method>
  <thread>1</thread>
  <message>Start action : result_getsession = getsession.parseText(response.getResponseBodyContent())</message>
  <nestedLevel>1</nestedLevel>
  <property name="startLine">23</property>
  <property name="stepIndex">7</property>
</record>
<record>
  <date>2019-02-27T19:16:06</date>
  <millis>1551266166504</millis>
  <sequence>29</sequence>
  <level>END</level>
  <class>com.kms.katalon.core.logging.XmlKeywordLogger</class>
  <method>endKeyword</method>
  <thread>1</thread>
  <message>End action : result_getsession = getsession.parseText(response.getResponseBodyContent())</message>
  <nestedLevel>1</nestedLevel>
</record>
<record>
  <date>2019-02-27T19:16:06</date>
  <millis>1551266166505</millis>
  <sequence>30</sequence>
  <level>START</level>
  <class>com.kms.katalon.core.logging.XmlKeywordLogger</class>
  <method>startKeyword</method>
  <thread>1</thread>
  <message>Start action : session_token = session_token</message>
  <nestedLevel>1</nestedLevel>
  <property name="startLine">25</property>
  <property name="stepIndex">8</property>
</record>
<record>
  <date>2019-02-27T19:16:06</date>
  <millis>1551266166509</millis>
  <sequence>31</sequence>
  <level>END</level>
  <class>com.kms.katalon.core.logging.XmlKeywordLogger</class>
  <method>endKeyword</method>
  <thread>1</thread>
  <message>End action : session_token = session_token</message>
  <nestedLevel>1</nestedLevel>
</record>
<record>
  <date>2019-02-27T19:16:06</date>
  <millis>1551266166509</millis>
  <sequence>32</sequence>
  <level>START</level>
  <class>com.kms.katalon.core.logging.XmlKeywordLogger</class>
  <method>startKeyword</method>
  <thread>1</thread>
  <message>Start action : println(\&amp;quot;...value extracted is :\&amp;quot; + session_token)</message>
  <nestedLevel>1</nestedLevel>
  <property name="startLine">26</property>
  <property name="stepIndex">9</property>
</record>
<record>
  <date>2019-02-27T19:16:06</date>
  <millis>1551266166512</millis>
  <sequence>33</sequence>
  <level>END</level>
  <class>com.kms.katalon.core.logging.XmlKeywordLogger</class>
  <method>endKeyword</method>
  <thread>1</thread>
  <message>End action : println(\&amp;quot;...value extracted is :\&amp;quot; + session_token)</message>
  <nestedLevel>1</nestedLevel>
</record>
<record>
  <date>2019-02-27T19:16:06</date>
  <millis>1551266166512</millis>
  <sequence>34</sequence>
  <level>START</level>
  <class>com.kms.katalon.core.logging.XmlKeywordLogger</class>
  <method>startKeyword</method>
  <thread>1</thread>
  <message>Start action : session_token = session_token</message>
  <nestedLevel>1</nestedLevel>
  <property name="startLine">28</property>
  <property name="stepIndex">10</property>
</record>
<record>
  <date>2019-02-27T19:16:06</date>
  <millis>1551266166513</millis>
  <sequence>35</sequence>
  <level>END</level>
  <class>com.kms.katalon.core.logging.XmlKeywordLogger</class>
  <method>endKeyword</method>
  <thread>1</thread>
  <message>End action : session_token = session_token</message>
  <nestedLevel>1</nestedLevel>
</record>
<record>
  <date>2019-02-27T19:16:06</date>
  <millis>1551266166513</millis>
  <sequence>36</sequence>
  <level>START</level>
  <class>com.kms.katalon.core.logging.XmlKeywordLogger</class>
  <method>startKeyword</method>
  <thread>1</thread>
  <message>Start action : println(\&amp;quot;GlobalVariable is :\&amp;quot; + session_token)</message>
  <nestedLevel>1</nestedLevel>
  <property name="startLine">29</property>
  <property name="stepIndex">11</property>
</record>
<record>
  <date>2019-02-27T19:16:06</date>
  <millis>1551266166514</millis>
  <sequence>37</sequence>
  <level>END</level>
  <class>com.kms.katalon.core.logging.XmlKeywordLogger</class>
  <method>endKeyword</method>
  <thread>1</thread>
  <message>End action : println(\&amp;quot;GlobalVariable is :\&amp;quot; + session_token)</message>
  <nestedLevel>1</nestedLevel>
</record>
<record>
  <date>2019-02-27T19:16:06</date>
  <millis>1551266166514</millis>
  <sequence>38</sequence>
  <level>PASSED</level>
  <class>com.kms.katalon.core.logging.XmlKeywordLogger</class>
  <method>logMessage</method>
  <thread>1</thread>
  <message>Verification accomplished successfully</message>
  <nestedLevel>2</nestedLevel>
</record>
<record>
  <date>2019-02-27T19:16:06</date>
  <millis>1551266166514</millis>
  <sequence>39</sequence>
  <level>END</level>
  <class>com.kms.katalon.core.logging.XmlKeywordLogger</class>
  <method>endTest</method>
  <thread>1</thread>
  <message>End Test Case : Verification</message>
  <nestedLevel>1</nestedLevel>
</record>
<record>
  <date>2019-02-27T19:16:06</date>
  <millis>1551266166517</millis>
  <sequence>40</sequence>
  <level>PASSED</level>
  <class>com.kms.katalon.core.logging.XmlKeywordLogger</class>
  <method>logMessage</method>
  <thread>1</thread>
  <message>Verify response successfully</message>
  <nestedLevel>1</nestedLevel>
</record>
<record>
  <date>2019-02-27T19:16:06</date>
  <millis>1551266166518</millis>
  <sequence>41</sequence>
  <level>PASSED</level>
  <class>com.kms.katalon.core.logging.XmlKeywordLogger</class>
  <method>logMessage</method>
  <thread>1</thread>
  <message>Send request and verify the response successfully</message>
  <nestedLevel>1</nestedLevel>
</record>
<record>
  <date>2019-02-27T19:16:06</date>
  <millis>1551266166518</millis>
  <sequence>42</sequence>
  <level>END</level>
  <class>com.kms.katalon.core.logging.XmlKeywordLogger</class>
  <method>endKeyword</method>
  <thread>1</thread>
  <message>End action : response0 = sendRequestAndVerify(findTestObject(\&amp;quot;Get_Session_Token\&amp;quot;))</message>
  <nestedLevel>1</nestedLevel>
</record>
<record>
  <date>2019-02-27T19:16:06</date>
  <millis>1551266166519</millis>
  <sequence>43</sequence>
  <level>START</level>
  <class>com.kms.katalon.core.logging.XmlKeywordLogger</class>
  <method>startKeyword</method>
  <thread>1</thread>
  <message>Start action : response1 = sendRequestAndVerify(findTestObject(\&amp;quot;Login\&amp;quot;))</message>
  <nestedLevel>1</nestedLevel>
  <property name="startLine">18</property>
  <property name="stepIndex">2</property>
</record>
<record>
  <date>2019-02-27T19:16:07</date>
  <millis>1551266167031</millis>
  <sequence>47</sequence>
  <level>START</level>
  <class>com.kms.katalon.core.logging.XmlKeywordLogger</class>
  <method>startTest</method>
  <thread>1</thread>
  <message>Start Test Case : Verification</message>
  <nestedLevel>2</nestedLevel>
</record>
<record>
  <date>2019-02-27T19:16:07</date>
  <millis>1551266167091</millis>
  <sequence>48</sequence>
  <level>START</level>
  <class>com.kms.katalon.core.logging.XmlKeywordLogger</class>
  <method>startKeyword</method>
  <thread>1</thread>
  <message>Start action : request = getInstance().getCurrentRequest()</message>
  <nestedLevel>1</nestedLevel>
  <property name="startLine">11</property>
  <property name="stepIndex">1</property>
</record>
<record>
  <date>2019-02-27T19:16:07</date>
  <millis>1551266167121</millis>
  <sequence>49</sequence>
  <level>END</level>
  <class>com.kms.katalon.core.logging.XmlKeywordLogger</class>
  <method>endKeyword</method>
  <thread>1</thread>
  <message>End action : request = getInstance().getCurrentRequest()</message>
  <nestedLevel>1</nestedLevel>
</record>
<record>
  <date>2019-02-27T19:16:07</date>
  <millis>1551266167121</millis>
  <sequence>50</sequence>
  <level>START</level>
  <class>com.kms.katalon.core.logging.XmlKeywordLogger</class>
  <method>startKeyword</method>
  <thread>1</thread>
  <message>Start action : response = getInstance().getCurrentResponse()</message>
  <nestedLevel>1</nestedLevel>
  <property name="startLine">14</property>
  <property name="stepIndex">2</property>
</record>
<record>
  <date>2019-02-27T19:16:07</date>
  <millis>1551266167122</millis>
  <sequence>51</sequence>
  <level>END</level>
  <class>com.kms.katalon.core.logging.XmlKeywordLogger</class>
  <method>endKeyword</method>
  <thread>1</thread>
  <message>End action : response = getInstance().getCurrentResponse()</message>
  <nestedLevel>1</nestedLevel>
</record>
<record>
  <date>2019-02-27T19:16:07</date>
  <millis>1551266167123</millis>
  <sequence>52</sequence>
  <level>START</level>
  <class>com.kms.katalon.core.logging.XmlKeywordLogger</class>
  <method>startKeyword</method>
  <thread>1</thread>
  <message>Start action : verifyResponseStatusCode(response, 200)</message>
  <nestedLevel>1</nestedLevel>
  <property name="startLine">16</property>
  <property name="stepIndex">3</property>
</record>
<record>
  <date>2019-02-27T19:16:07</date>
  <millis>1551266167125</millis>
  <sequence>54</sequence>
  <level>PASSED</level>
  <class>com.kms.katalon.core.logging.XmlKeywordLogger</class>
  <method>logMessage</method>
  <thread>1</thread>
  <message>Verify response status code successfully</message>
  <nestedLevel>2</nestedLevel>
</record>
<record>
  <date>2019-02-27T19:16:07</date>
  <millis>1551266167125</millis>
  <sequence>55</sequence>
  <level>END</level>
  <class>com.kms.katalon.core.logging.XmlKeywordLogger</class>
  <method>endKeyword</method>
  <thread>1</thread>
  <message>End action : verifyResponseStatusCode(response, 200)</message>
  <nestedLevel>1</nestedLevel>
</record>
<record>
  <date>2019-02-27T19:16:07</date>
  <millis>1551266167125</millis>
  <sequence>56</sequence>
  <level>START</level>
  <class>com.kms.katalon.core.logging.XmlKeywordLogger</class>
  <method>startKeyword</method>
  <thread>1</thread>
  <message>Start action : getStatusCode()).isEqualTo(200)</message>
  <nestedLevel>1</nestedLevel>
  <property name="startLine">18</property>
  <property name="stepIndex">4</property>
</record>
<record>
  <date>2019-02-27T19:16:07</date>
  <millis>1551266167126</millis>
  <sequence>57</sequence>
  <level>END</level>
  <class>com.kms.katalon.core.logging.XmlKeywordLogger</class>
  <method>endKeyword</method>
  <thread>1</thread>
  <message>End action : getStatusCode()).isEqualTo(200)</message>
  <nestedLevel>1</nestedLevel>
</record>
<record>
  <date>2019-02-27T19:16:07</date>
  <millis>1551266167126</millis>
  <sequence>58</sequence>
  <level>START</level>
  <class>com.kms.katalon.core.logging.XmlKeywordLogger</class>
  <method>startKeyword</method>
  <thread>1</thread>
  <message>Start action : login = new groovy.json.JsonSlurper()</message>
  <nestedLevel>1</nestedLevel>
  <property name="startLine">20</property>
  <property name="stepIndex">5</property>
</record>
<record>
  <date>2019-02-27T19:16:07</date>
  <millis>1551266167127</millis>
  <sequence>59</sequence>
  <level>END</level>
  <class>com.kms.katalon.core.logging.XmlKeywordLogger</class>
  <method>endKeyword</method>
  <thread>1</thread>
  <message>End action : login = new groovy.json.JsonSlurper()</message>
  <nestedLevel>1</nestedLevel>
</record>
<record>
  <date>2019-02-27T19:16:07</date>
  <millis>1551266167127</millis>
  <sequence>60</sequence>
  <level>START</level>
  <class>com.kms.katalon.core.logging.XmlKeywordLogger</class>
  <method>startKeyword</method>
  <thread>1</thread>
  <message>Start action : result_login = login.parseText(response.getResponseBodyContent())</message>
  <nestedLevel>1</nestedLevel>
  <property name="startLine">21</property>
  <property name="stepIndex">6</property>
</record>
<record>
  <date>2019-02-27T19:16:07</date>
  <millis>1551266167129</millis>
  <sequence>61</sequence>
  <level>END</level>
  <class>com.kms.katalon.core.logging.XmlKeywordLogger</class>
  <method>endKeyword</method>
  <thread>1</thread>
  <message>End action : result_login = login.parseText(response.getResponseBodyContent())</message>
  <nestedLevel>1</nestedLevel>
</record>
<record>
  <date>2019-02-27T19:16:07</date>
  <millis>1551266167129</millis>
  <sequence>62</sequence>
  <level>START</level>
  <class>com.kms.katalon.core.logging.XmlKeywordLogger</class>
  <method>startKeyword</method>
  <thread>1</thread>
  <message>Start action : rgssessiontoken = session_token</message>
  <nestedLevel>1</nestedLevel>
  <property name="startLine">23</property>
  <property name="stepIndex">7</property>
</record>
<record>
  <date>2019-02-27T19:16:07</date>
  <millis>1551266167129</millis>
  <sequence>63</sequence>
  <level>END</level>
  <class>com.kms.katalon.core.logging.XmlKeywordLogger</class>
  <method>endKeyword</method>
  <thread>1</thread>
  <message>End action : rgssessiontoken = session_token</message>
  <nestedLevel>1</nestedLevel>
</record>
<record>
  <date>2019-02-27T19:16:07</date>
  <millis>1551266167130</millis>
  <sequence>64</sequence>
  <level>START</level>
  <class>com.kms.katalon.core.logging.XmlKeywordLogger</class>
  <method>startKeyword</method>
  <thread>1</thread>
  <message>Start action : println(\&amp;quot;...value extracted is :\&amp;quot; + rgssessiontoken)</message>
  <nestedLevel>1</nestedLevel>
  <property name="startLine">24</property>
  <property name="stepIndex">8</property>
</record>
<record>
  <date>2019-02-27T19:16:07</date>
  <millis>1551266167130</millis>
  <sequence>65</sequence>
  <level>END</level>
  <class>com.kms.katalon.core.logging.XmlKeywordLogger</class>
  <method>endKeyword</method>
  <thread>1</thread>
  <message>End action : println(\&amp;quot;...value extracted is :\&amp;quot; + rgssessiontoken)</message>
  <nestedLevel>1</nestedLevel>
</record>
<record>
  <date>2019-02-27T19:16:07</date>
  <millis>1551266167131</millis>
  <sequence>66</sequence>
  <level>START</level>
  <class>com.kms.katalon.core.logging.XmlKeywordLogger</class>
  <method>startKeyword</method>
  <thread>1</thread>
  <message>Start action : rgs_session_token = rgssessiontoken</message>
  <nestedLevel>1</nestedLevel>
  <property name="startLine">26</property>
  <property name="stepIndex">9</property>
</record>
<record>
  <date>2019-02-27T19:16:07</date>
  <millis>1551266167131</millis>
  <sequence>67</sequence>
  <level>END</level>
  <class>com.kms.katalon.core.logging.XmlKeywordLogger</class>
  <method>endKeyword</method>
  <thread>1</thread>
  <message>End action : rgs_session_token = rgssessiontoken</message>
  <nestedLevel>1</nestedLevel>
</record>
<record>
  <date>2019-02-27T19:16:07</date>
  <millis>1551266167132</millis>
  <sequence>68</sequence>
  <level>START</level>
  <class>com.kms.katalon.core.logging.XmlKeywordLogger</class>
  <method>startKeyword</method>
  <thread>1</thread>
  <message>Start action : println(\&amp;quot;GlobalVariable is :\&amp;quot; + rgs_session_token)</message>
  <nestedLevel>1</nestedLevel>
  <property name="startLine">27</property>
  <property name="stepIndex">10</property>
</record>
<record>
  <date>2019-02-27T19:16:07</date>
  <millis>1551266167133</millis>
  <sequence>69</sequence>
  <level>END</level>
  <class>com.kms.katalon.core.logging.XmlKeywordLogger</class>
  <method>endKeyword</method>
  <thread>1</thread>
  <message>End action : println(\&amp;quot;GlobalVariable is :\&amp;quot; + rgs_session_token)</message>
  <nestedLevel>1</nestedLevel>
</record>
<record>
  <date>2019-02-27T19:16:07</date>
  <millis>1551266167133</millis>
  <sequence>70</sequence>
  <level>START</level>
  <class>com.kms.katalon.core.logging.XmlKeywordLogger</class>
  <method>startKeyword</method>
  <thread>1</thread>
  <message>Start action : statetag = state_tag</message>
  <nestedLevel>1</nestedLevel>
  <property name="startLine">29</property>
  <property name="stepIndex">11</property>
</record>
<record>
  <date>2019-02-27T19:16:07</date>
  <millis>1551266167134</millis>
  <sequence>71</sequence>
  <level>END</level>
  <class>com.kms.katalon.core.logging.XmlKeywordLogger</class>
  <method>endKeyword</method>
  <thread>1</thread>
  <message>End action : statetag = state_tag</message>
  <nestedLevel>1</nestedLevel>
</record>
<record>
  <date>2019-02-27T19:16:07</date>
  <millis>1551266167134</millis>
  <sequence>72</sequence>
  <level>START</level>
  <class>com.kms.katalon.core.logging.XmlKeywordLogger</class>
  <method>startKeyword</method>
  <thread>1</thread>
  <message>Start action : println(\&amp;quot;...value extracted is :\&amp;quot; + statetag)</message>
  <nestedLevel>1</nestedLevel>
  <property name="startLine">30</property>
  <property name="stepIndex">12</property>
</record>
<record>
  <date>2019-02-27T19:16:07</date>
  <millis>1551266167135</millis>
  <sequence>73</sequence>
  <level>END</level>
  <class>com.kms.katalon.core.logging.XmlKeywordLogger</class>
  <method>endKeyword</method>
  <thread>1</thread>
  <message>End action : println(\&amp;quot;...value extracted is :\&amp;quot; + statetag)</message>
  <nestedLevel>1</nestedLevel>
</record>
<record>
  <date>2019-02-27T19:16:07</date>
  <millis>1551266167135</millis>
  <sequence>74</sequence>
  <level>START</level>
  <class>com.kms.katalon.core.logging.XmlKeywordLogger</class>
  <method>startKeyword</method>
  <thread>1</thread>
  <message>Start action : state_tag = statetag</message>
  <nestedLevel>1</nestedLevel>
  <property name="startLine">32</property>
  <property name="stepIndex">13</property>
</record>
<record>
  <date>2019-02-27T19:16:07</date>
  <millis>1551266167136</millis>
  <sequence>75</sequence>
  <level>END</level>
  <class>com.kms.katalon.core.logging.XmlKeywordLogger</class>
  <method>endKeyword</method>
  <thread>1</thread>
  <message>End action : state_tag = statetag</message>
  <nestedLevel>1</nestedLevel>
</record>
<record>
  <date>2019-02-27T19:16:07</date>
  <millis>1551266167136</millis>
  <sequence>76</sequence>
  <level>START</level>
  <class>com.kms.katalon.core.logging.XmlKeywordLogger</class>
  <method>startKeyword</method>
  <thread>1</thread>
  <message>Start action : println(\&amp;quot;GlobalVariable is :\&amp;quot; + state_tag)</message>
  <nestedLevel>1</nestedLevel>
  <property name="startLine">33</property>
  <property name="stepIndex">14</property>
</record>
<record>
  <date>2019-02-27T19:16:07</date>
  <millis>1551266167136</millis>
  <sequence>77</sequence>
  <level>END</level>
  <class>com.kms.katalon.core.logging.XmlKeywordLogger</class>
  <method>endKeyword</method>
  <thread>1</thread>
  <message>End action : println(\&amp;quot;GlobalVariable is :\&amp;quot; + state_tag)</message>
  <nestedLevel>1</nestedLevel>
</record>
<record>
  <date>2019-02-27T19:16:07</date>
  <millis>1551266167137</millis>
  <sequence>78</sequence>
  <level>START</level>
  <class>com.kms.katalon.core.logging.XmlKeywordLogger</class>
  <method>startKeyword</method>
  <thread>1</thread>
  <message>Start action : playerid = player_id</message>
  <nestedLevel>1</nestedLevel>
  <property name="startLine">35</property>
  <property name="stepIndex">15</property>
</record>
<record>
  <date>2019-02-27T19:16:07</date>
  <millis>1551266167137</millis>
  <sequence>79</sequence>
  <level>END</level>
  <class>com.kms.katalon.core.logging.XmlKeywordLogger</class>
  <method>endKeyword</method>
  <thread>1</thread>
  <message>End action : playerid = player_id</message>
  <nestedLevel>1</nestedLevel>
</record>
<record>
  <date>2019-02-27T19:16:07</date>
  <millis>1551266167137</millis>
  <sequence>80</sequence>
  <level>START</level>
  <class>com.kms.katalon.core.logging.XmlKeywordLogger</class>
  <method>startKeyword</method>
  <thread>1</thread>
  <message>Start action : println(\&amp;quot;...value extracted is :\&amp;quot; + playerid)</message>
  <nestedLevel>1</nestedLevel>
  <property name="startLine">36</property>
  <property name="stepIndex">16</property>
</record>
<record>
  <date>2019-02-27T19:16:07</date>
  <millis>1551266167138</millis>
  <sequence>81</sequence>
  <level>END</level>
  <class>com.kms.katalon.core.logging.XmlKeywordLogger</class>
  <method>endKeyword</method>
  <thread>1</thread>
  <message>End action : println(\&amp;quot;...value extracted is :\&amp;quot; + playerid)</message>
  <nestedLevel>1</nestedLevel>
</record>
<record>
  <date>2019-02-27T19:16:07</date>
  <millis>1551266167138</millis>
  <sequence>82</sequence>
  <level>START</level>
  <class>com.kms.katalon.core.logging.XmlKeywordLogger</class>
  <method>startKeyword</method>
  <thread>1</thread>
  <message>Start action : player_id = playerid</message>
  <nestedLevel>1</nestedLevel>
  <property name="startLine">38</property>
  <property name="stepIndex">17</property>
</record>
<record>
  <date>2019-02-27T19:16:07</date>
  <millis>1551266167139</millis>
  <sequence>83</sequence>
  <level>END</level>
  <class>com.kms.katalon.core.logging.XmlKeywordLogger</class>
  <method>endKeyword</method>
  <thread>1</thread>
  <message>End action : player_id = playerid</message>
  <nestedLevel>1</nestedLevel>
</record>
<record>
  <date>2019-02-27T19:16:07</date>
  <millis>1551266167139</millis>
  <sequence>84</sequence>
  <level>START</level>
  <class>com.kms.katalon.core.logging.XmlKeywordLogger</class>
  <method>startKeyword</method>
  <thread>1</thread>
  <message>Start action : println(\&amp;quot;GlobalVariable is :\&amp;quot; + player_id)</message>
  <nestedLevel>1</nestedLevel>
  <property name="startLine">39</property>
  <property name="stepIndex">18</property>
</record>
<record>
  <date>2019-02-27T19:16:07</date>
  <millis>1551266167140</millis>
  <sequence>85</sequence>
  <level>END</level>
  <class>com.kms.katalon.core.logging.XmlKeywordLogger</class>
  <method>endKeyword</method>
  <thread>1</thread>
  <message>End action : println(\&amp;quot;GlobalVariable is :\&amp;quot; + player_id)</message>
  <nestedLevel>1</nestedLevel>
</record>
<record>
  <date>2019-02-27T19:16:07</date>
  <millis>1551266167140</millis>
  <sequence>86</sequence>
  <level>START</level>
  <class>com.kms.katalon.core.logging.XmlKeywordLogger</class>
  <method>startKeyword</method>
  <thread>1</thread>
  <message>Start action : arrayResponse = [\&amp;quot;why\&amp;quot;, \&amp;quot;hello\&amp;quot;, \&amp;quot;there\&amp;quot;]</message>
  <nestedLevel>1</nestedLevel>
  <property name="startLine">43</property>
  <property name="stepIndex">19</property>
</record>
<record>
  <date>2019-02-27T19:16:07</date>
  <millis>1551266167140</millis>
  <sequence>87</sequence>
  <level>END</level>
  <class>com.kms.katalon.core.logging.XmlKeywordLogger</class>
  <method>endKeyword</method>
  <thread>1</thread>
  <message>End action : arrayResponse = [\&amp;quot;why\&amp;quot;, \&amp;quot;hello\&amp;quot;, \&amp;quot;there\&amp;quot;]</message>
  <nestedLevel>1</nestedLevel>
</record>
<record>
  <date>2019-02-27T19:16:07</date>
  <millis>1551266167141</millis>
  <sequence>88</sequence>
  <level>START</level>
  <class>com.kms.katalon.core.logging.XmlKeywordLogger</class>
  <method>startKeyword</method>
  <thread>1</thread>
  <message>Start action : arrayExpect = [\&amp;quot;there\&amp;quot;, \&amp;quot;why\&amp;quot;, \&amp;quot;hello\&amp;quot;]</message>
  <nestedLevel>1</nestedLevel>
  <property name="startLine">44</property>
  <property name="stepIndex">20</property>
</record>
<record>
  <date>2019-02-27T19:16:07</date>
  <millis>1551266167141</millis>
  <sequence>89</sequence>
  <level>END</level>
  <class>com.kms.katalon.core.logging.XmlKeywordLogger</class>
  <method>endKeyword</method>
  <thread>1</thread>
  <message>End action : arrayExpect = [\&amp;quot;there\&amp;quot;, \&amp;quot;why\&amp;quot;, \&amp;quot;hello\&amp;quot;]</message>
  <nestedLevel>1</nestedLevel>
</record>
<record>
  <date>2019-02-27T19:16:07</date>
  <millis>1551266167141</millis>
  <sequence>90</sequence>
  <level>START</level>
  <class>com.kms.katalon.core.logging.XmlKeywordLogger</class>
  <method>startKeyword</method>
  <thread>1</thread>
  <message>Start action : assertThat(arrayResponse).containsOnly(\&amp;quot;there\&amp;quot;, \&amp;quot;hello\&amp;quot;, \&amp;quot;why\&amp;quot;)</message>
  <nestedLevel>1</nestedLevel>
  <property name="startLine">45</property>
  <property name="stepIndex">21</property>
</record>
<record>
  <date>2019-02-27T19:16:07</date>
  <millis>1551266167159</millis>
  <sequence>91</sequence>
  <level>END</level>
  <class>com.kms.katalon.core.logging.XmlKeywordLogger</class>
  <method>endKeyword</method>
  <thread>1</thread>
  <message>End action : assertThat(arrayResponse).containsOnly(\&amp;quot;there\&amp;quot;, \&amp;quot;hello\&amp;quot;, \&amp;quot;why\&amp;quot;)</message>
  <nestedLevel>1</nestedLevel>
</record>
<record>
  <date>2019-02-27T19:16:07</date>
  <millis>1551266167159</millis>
  <sequence>92</sequence>
  <level>START</level>
  <class>com.kms.katalon.core.logging.XmlKeywordLogger</class>
  <method>startKeyword</method>
  <thread>1</thread>
  <message>Start action : assertThat(arrayResponse).containsOnlyElementsOf(Arrays.asList(\&amp;quot;why\&amp;quot;, \&amp;quot;there\&amp;quot;, \&amp;quot;hello\&amp;quot;))</message>
  <nestedLevel>1</nestedLevel>
  <property name="startLine">46</property>
  <property name="stepIndex">22</property>
</record>
<record>
  <date>2019-02-27T19:16:07</date>
  <millis>1551266167164</millis>
  <sequence>93</sequence>
  <level>END</level>
  <class>com.kms.katalon.core.logging.XmlKeywordLogger</class>
  <method>endKeyword</method>
  <thread>1</thread>
  <message>End action : assertThat(arrayResponse).containsOnlyElementsOf(Arrays.asList(\&amp;quot;why\&amp;quot;, \&amp;quot;there\&amp;quot;, \&amp;quot;hello\&amp;quot;))</message>
  <nestedLevel>1</nestedLevel>
</record>
<record>
  <date>2019-02-27T19:16:07</date>
  <millis>1551266167165</millis>
  <sequence>94</sequence>
  <level>START</level>
  <class>com.kms.katalon.core.logging.XmlKeywordLogger</class>
  <method>startKeyword</method>
  <thread>1</thread>
  <message>Start action : assertThat(arrayResponse).containsExactly(\&amp;quot;why\&amp;quot;, \&amp;quot;hello\&amp;quot;, \&amp;quot;there\&amp;quot;)</message>
  <nestedLevel>1</nestedLevel>
  <property name="startLine">48</property>
  <property name="stepIndex">23</property>
</record>
<record>
  <date>2019-02-27T19:16:07</date>
  <millis>1551266167166</millis>
  <sequence>95</sequence>
  <level>END</level>
  <class>com.kms.katalon.core.logging.XmlKeywordLogger</class>
  <method>endKeyword</method>
  <thread>1</thread>
  <message>End action : assertThat(arrayResponse).containsExactly(\&amp;quot;why\&amp;quot;, \&amp;quot;hello\&amp;quot;, \&amp;quot;there\&amp;quot;)</message>
  <nestedLevel>1</nestedLevel>
</record>
<record>
  <date>2019-02-27T19:16:07</date>
  <millis>1551266167166</millis>
  <sequence>96</sequence>
  <level>START</level>
  <class>com.kms.katalon.core.logging.XmlKeywordLogger</class>
  <method>startKeyword</method>
  <thread>1</thread>
  <message>Start action : assertThat(arrayResponse).containsExactlyElementsOf(Arrays.asList(\&amp;quot;why\&amp;quot;, \&amp;quot;hello\&amp;quot;, \&amp;quot;there\&amp;quot;))</message>
  <nestedLevel>1</nestedLevel>
  <property name="startLine">49</property>
  <property name="stepIndex">24</property>
</record>
<record>
  <date>2019-02-27T19:16:07</date>
  <millis>1551266167167</millis>
  <sequence>97</sequence>
  <level>END</level>
  <class>com.kms.katalon.core.logging.XmlKeywordLogger</class>
  <method>endKeyword</method>
  <thread>1</thread>
  <message>End action : assertThat(arrayResponse).containsExactlyElementsOf(Arrays.asList(\&amp;quot;why\&amp;quot;, \&amp;quot;hello\&amp;quot;, \&amp;quot;there\&amp;quot;))</message>
  <nestedLevel>1</nestedLevel>
</record>
<record>
  <date>2019-02-27T19:16:07</date>
  <millis>1551266167167</millis>
  <sequence>98</sequence>
  <level>START</level>
  <class>com.kms.katalon.core.logging.XmlKeywordLogger</class>
  <method>startKeyword</method>
  <thread>1</thread>
  <message>Start action : assertThat(arrayResponse).containsSequence(\&amp;quot;why\&amp;quot;, \&amp;quot;hello\&amp;quot;)</message>
  <nestedLevel>1</nestedLevel>
  <property name="startLine">51</property>
  <property name="stepIndex">25</property>
</record>
<record>
  <date>2019-02-27T19:16:07</date>
  <millis>1551266167168</millis>
  <sequence>99</sequence>
  <level>END</level>
  <class>com.kms.katalon.core.logging.XmlKeywordLogger</class>
  <method>endKeyword</method>
  <thread>1</thread>
  <message>End action : assertThat(arrayResponse).containsSequence(\&amp;quot;why\&amp;quot;, \&amp;quot;hello\&amp;quot;)</message>
  <nestedLevel>1</nestedLevel>
</record>
<record>
  <date>2019-02-27T19:16:07</date>
  <millis>1551266167168</millis>
  <sequence>100</sequence>
  <level>START</level>
  <class>com.kms.katalon.core.logging.XmlKeywordLogger</class>
  <method>startKeyword</method>
  <thread>1</thread>
  <message>Start action : assertThat(arrayResponse).containsSubsequence(\&amp;quot;why\&amp;quot;, \&amp;quot;there\&amp;quot;)</message>
  <nestedLevel>1</nestedLevel>
  <property name="startLine">52</property>
  <property name="stepIndex">26</property>
</record>
<record>
  <date>2019-02-27T19:16:07</date>
  <millis>1551266167169</millis>
  <sequence>101</sequence>
  <level>END</level>
  <class>com.kms.katalon.core.logging.XmlKeywordLogger</class>
  <method>endKeyword</method>
  <thread>1</thread>
  <message>End action : assertThat(arrayResponse).containsSubsequence(\&amp;quot;why\&amp;quot;, \&amp;quot;there\&amp;quot;)</message>
  <nestedLevel>1</nestedLevel>
</record>
<record>
  <date>2019-02-27T19:16:07</date>
  <millis>1551266167169</millis>
  <sequence>102</sequence>
  <level>START</level>
  <class>com.kms.katalon.core.logging.XmlKeywordLogger</class>
  <method>startKeyword</method>
  <thread>1</thread>
  <message>Start action : assertThat(arrayResponse).containsAnyOf(\&amp;quot;why\&amp;quot;, \&amp;quot;nothing\&amp;quot;, \&amp;quot;new\&amp;quot;)</message>
  <nestedLevel>1</nestedLevel>
  <property name="startLine">53</property>
  <property name="stepIndex">27</property>
</record>
<record>
  <date>2019-02-27T19:16:07</date>
  <millis>1551266167169</millis>
  <sequence>103</sequence>
  <level>END</level>
  <class>com.kms.katalon.core.logging.XmlKeywordLogger</class>
  <method>endKeyword</method>
  <thread>1</thread>
  <message>End action : assertThat(arrayResponse).containsAnyOf(\&amp;quot;why\&amp;quot;, \&amp;quot;nothing\&amp;quot;, \&amp;quot;new\&amp;quot;)</message>
  <nestedLevel>1</nestedLevel>
</record>
<record>
  <date>2019-02-27T19:16:07</date>
  <millis>1551266167169</millis>
  <sequence>104</sequence>
  <level>START</level>
  <class>com.kms.katalon.core.logging.XmlKeywordLogger</class>
  <method>startKeyword</method>
  <thread>1</thread>
  <message>Start action : assertThat(arrayResponse).contains(\&amp;quot;hello\&amp;quot;, Assertions.atIndex(1))</message>
  <nestedLevel>1</nestedLevel>
  <property name="startLine">55</property>
  <property name="stepIndex">28</property>
</record>
<record>
  <date>2019-02-27T19:16:07</date>
  <millis>1551266167172</millis>
  <sequence>105</sequence>
  <level>END</level>
  <class>com.kms.katalon.core.logging.XmlKeywordLogger</class>
  <method>endKeyword</method>
  <thread>1</thread>
  <message>End action : assertThat(arrayResponse).contains(\&amp;quot;hello\&amp;quot;, Assertions.atIndex(1))</message>
  <nestedLevel>1</nestedLevel>
</record>
<record>
  <date>2019-02-27T19:16:07</date>
  <millis>1551266167172</millis>
  <sequence>106</sequence>
  <level>PASSED</level>
  <class>com.kms.katalon.core.logging.XmlKeywordLogger</class>
  <method>logMessage</method>
  <thread>1</thread>
  <message>Verification accomplished successfully</message>
  <nestedLevel>2</nestedLevel>
</record>
<record>
  <date>2019-02-27T19:16:07</date>
  <millis>1551266167172</millis>
  <sequence>107</sequence>
  <level>END</level>
  <class>com.kms.katalon.core.logging.XmlKeywordLogger</class>
  <method>endTest</method>
  <thread>1</thread>
  <message>End Test Case : Verification</message>
  <nestedLevel>1</nestedLevel>
</record>
<record>
  <date>2019-02-27T19:16:07</date>
  <millis>1551266167172</millis>
  <sequence>108</sequence>
  <level>PASSED</level>
  <class>com.kms.katalon.core.logging.XmlKeywordLogger</class>
  <method>logMessage</method>
  <thread>1</thread>
  <message>Verify response successfully</message>
  <nestedLevel>1</nestedLevel>
</record>
<record>
  <date>2019-02-27T19:16:07</date>
  <millis>1551266167173</millis>
  <sequence>109</sequence>
  <level>PASSED</level>
  <class>com.kms.katalon.core.logging.XmlKeywordLogger</class>
  <method>logMessage</method>
  <thread>1</thread>
  <message>Send request and verify the response successfully</message>
  <nestedLevel>1</nestedLevel>
</record>
<record>
  <date>2019-02-27T19:16:07</date>
  <millis>1551266167173</millis>
  <sequence>110</sequence>
  <level>END</level>
  <class>com.kms.katalon.core.logging.XmlKeywordLogger</class>
  <method>endKeyword</method>
  <thread>1</thread>
  <message>End action : response1 = sendRequestAndVerify(findTestObject(\&amp;quot;Login\&amp;quot;))</message>
  <nestedLevel>1</nestedLevel>
</record>
<record>
  <date>2019-02-27T19:16:07</date>
  <millis>1551266167173</millis>
  <sequence>111</sequence>
  <level>START</level>
  <class>com.kms.katalon.core.logging.XmlKeywordLogger</class>
  <method>startKeyword</method>
  <thread>1</thread>
  <message>Start action : login = new groovy.json.JsonSlurper()</message>
  <nestedLevel>1</nestedLevel>
  <property name="startLine">20</property>
  <property name="stepIndex">3</property>
</record>
<record>
  <date>2019-02-27T19:16:07</date>
  <millis>1551266167174</millis>
  <sequence>112</sequence>
  <level>END</level>
  <class>com.kms.katalon.core.logging.XmlKeywordLogger</class>
  <method>endKeyword</method>
  <thread>1</thread>
  <message>End action : login = new groovy.json.JsonSlurper()</message>
  <nestedLevel>1</nestedLevel>
</record>
<record>
  <date>2019-02-27T19:16:07</date>
  <millis>1551266167174</millis>
  <sequence>113</sequence>
  <level>START</level>
  <class>com.kms.katalon.core.logging.XmlKeywordLogger</class>
  <method>startKeyword</method>
  <thread>1</thread>
  <message>Start action : login_rsult = login.parseText(response1.getResponseBodyContent())</message>
  <nestedLevel>1</nestedLevel>
  <property name="startLine">22</property>
  <property name="stepIndex">4</property>
</record>
<record>
  <date>2019-02-27T19:16:07</date>
  <millis>1551266167176</millis>
  <sequence>114</sequence>
  <level>END</level>
  <class>com.kms.katalon.core.logging.XmlKeywordLogger</class>
  <method>endKeyword</method>
  <thread>1</thread>
  <message>End action : login_rsult = login.parseText(response1.getResponseBodyContent())</message>
  <nestedLevel>1</nestedLevel>
</record>
<record>
  <date>2019-02-27T19:16:07</date>
  <millis>1551266167176</millis>
  <sequence>115</sequence>
  <level>START</level>
  <class>com.kms.katalon.core.logging.XmlKeywordLogger</class>
  <method>startKeyword</method>
  <thread>1</thread>
  <message>Start action : denomination = bet_denominations</message>
  <nestedLevel>1</nestedLevel>
  <property name="startLine">24</property>
  <property name="stepIndex">5</property>
</record>
<record>
  <date>2019-02-27T19:16:07</date>
  <millis>1551266167176</millis>
  <sequence>116</sequence>
  <level>END</level>
  <class>com.kms.katalon.core.logging.XmlKeywordLogger</class>
  <method>endKeyword</method>
  <thread>1</thread>
  <message>End action : denomination = bet_denominations</message>
  <nestedLevel>1</nestedLevel>
</record>
<record>
  <date>2019-02-27T19:16:07</date>
  <millis>1551266167176</millis>
  <sequence>117</sequence>
  <level>START</level>
  <class>com.kms.katalon.core.logging.XmlKeywordLogger</class>
  <method>startKeyword</method>
  <thread>1</thread>
  <message>Start action : println(\&amp;quot;bet denomination is :\&amp;quot; + denomination)</message>
  <nestedLevel>1</nestedLevel>
  <property name="startLine">25</property>
  <property name="stepIndex">6</property>
</record>
<record>
  <date>2019-02-27T19:16:07</date>
  <millis>1551266167177</millis>
  <sequence>118</sequence>
  <level>END</level>
  <class>com.kms.katalon.core.logging.XmlKeywordLogger</class>
  <method>endKeyword</method>
  <thread>1</thread>
  <message>End action : println(\&amp;quot;bet denomination is :\&amp;quot; + denomination)</message>
  <nestedLevel>1</nestedLevel>
</record>
<record>
  <date>2019-02-27T19:16:07</date>
  <millis>1551266167178</millis>
  <sequence>119</sequence>
  <level>START</level>
  <class>com.kms.katalon.core.logging.XmlKeywordLogger</class>
  <method>startKeyword</method>
  <thread>1</thread>
  <message>Start action : arrayResponse = denomination</message>
  <nestedLevel>1</nestedLevel>
  <property name="startLine">27</property>
  <property name="stepIndex">7</property>
</record>
<record>
  <date>2019-02-27T19:16:07</date>
  <millis>1551266167178</millis>
  <sequence>120</sequence>
  <level>END</level>
  <class>com.kms.katalon.core.logging.XmlKeywordLogger</class>
  <method>endKeyword</method>
  <thread>1</thread>
  <message>End action : arrayResponse = denomination</message>
  <nestedLevel>1</nestedLevel>
</record>
<record>
  <date>2019-02-27T19:16:07</date>
  <millis>1551266167178</millis>
  <sequence>121</sequence>
  <level>START</level>
  <class>com.kms.katalon.core.logging.XmlKeywordLogger</class>
  <method>startKeyword</method>
  <thread>1</thread>
  <message>Start action : arrayExpect = bet_denomination</message>
  <nestedLevel>1</nestedLevel>
  <property name="startLine">28</property>
  <property name="stepIndex">8</property>
</record>
<record>
  <date>2019-02-27T19:16:07</date>
  <millis>1551266167179</millis>
  <sequence>122</sequence>
  <level>END</level>
  <class>com.kms.katalon.core.logging.XmlKeywordLogger</class>
  <method>endKeyword</method>
  <thread>1</thread>
  <message>End action : arrayExpect = bet_denomination</message>
  <nestedLevel>1</nestedLevel>
</record>
<record>
  <date>2019-02-27T19:16:07</date>
  <millis>1551266167179</millis>
  <sequence>123</sequence>
  <level>START</level>
  <class>com.kms.katalon.core.logging.XmlKeywordLogger</class>
  <method>startKeyword</method>
  <thread>1</thread>
  <message>Start action : assert arrayResponse == arrayExpect</message>
  <nestedLevel>1</nestedLevel>
  <property name="startLine">30</property>
  <property name="stepIndex">9</property>
</record>
<record>
  <date>2019-02-27T19:16:07</date>
  <millis>1551266167180</millis>
  <sequence>124</sequence>
  <level>END</level>
  <class>com.kms.katalon.core.logging.XmlKeywordLogger</class>
  <method>endKeyword</method>
  <thread>1</thread>
  <message>End action : assert arrayResponse == arrayExpect</message>
  <nestedLevel>1</nestedLevel>
</record>
<record>
  <date>2019-02-27T19:16:07</date>
  <millis>1551266167180</millis>
  <sequence>125</sequence>
  <level>PASSED</level>
  <class>com.kms.katalon.core.logging.XmlKeywordLogger</class>
  <method>logMessage</method>
  <thread>1</thread>
  <message>Test Cases/Check Bet Increment</message>
  <nestedLevel>1</nestedLevel>
</record>
<record>
  <date>2019-02-27T19:16:07</date>
  <millis>1551266167180</millis>
  <sequence>126</sequence>
  <level>END</level>
  <class>com.kms.katalon.core.logging.XmlKeywordLogger</class>
  <method>endTest</method>
  <thread>1</thread>
  <message>End Test Case : Test Cases/Check Bet Increment</message>
  <nestedLevel>0</nestedLevel>
</record>
<record>
  <date>2019-02-27T19:16:07</date>
  <millis>1551266167211</millis>
  <sequence>127</sequence>
  <level>END</level>
  <class>com.kms.katalon.core.logging.XmlKeywordLogger</class>
  <method>endSuite</method>
  <thread>1</thread>
  <message>End Test Suite : Test Suites/Check Bet Increment</message>
  <nestedLevel>0</nestedLevel>
</record>
</log>
